<?xml version="1.0" encoding="UTF-8"?>
<!-- Generated by org.testng.reporters.JUnitXMLReporter -->
<testsuite ignored="0" hostname="DESKTOP-S5MMF0I" failures="1" tests="1" name="TestOnEdge" time="30.928" errors="0" timestamp="2023-06-06T10:19:05 IST">
  <testcase classname="com.ind.testCases.IndusindTestNegative" name="TC01_ExplorePoduct" time="21.978">
    <failure type="java.lang.AssertionError" message="Please Enter Valid Principle Value expected [false] but found [true]">
      <![CDATA[java.lang.AssertionError: Please Enter Valid Principle Value expected [false] but found [true]
at com.ind.testCases.IndusindTestNegative.TC01_ExplorePoduct(IndusindTestNegative.java:79)
at java.base/java.util.ArrayList.forEach(ArrayList.java:1511)
... Removed 32 stack frames]]>
    </failure>
  </testcase> <!-- TC01_ExplorePoduct -->
</testsuite> <!-- TestOnEdge -->
